Build started 10/11/2014 6:45:53 PM.
     1>Project "C:\games\quake2\src\game.vcxproj" on node 2 (build target(s)).
     1>InitializeBuildStatus:
         Touching ".\debug\game.unsuccessfulbuild".
       ClCompile:
         c:\Program Files (x86)\Microsoft Visual Studio 10.0\VC\bin\CL.exe /c /ZI /nologo /W3 /WX- /Od /Oy- /D WIN32 /D _DEBUG /D _WINDOWS /D BUILDING_REF_GL /D _VC80_UPGRADE=0x0600 /D _WINDLL /Gm /EHsc /MTd /GS /Gy- /fp:precise /Zc:wchar_t /Zc:forScope /Fo".\debug\\" /Fd".\debug\vc100.pdb" /FR".\debug\\" /Gd /TC /analyze- /errorReport:prompt g_cmds.c p_view.c p_weapon.c
         p_weapon.c
     1>c:\games\quake2\src\p_weapon.c(7): error C2061: syntax error : identifier 'is_quad'
     1>c:\games\quake2\src\p_weapon.c(7): error C2059: syntax error : ';'
     1>c:\games\quake2\src\p_weapon.c(280): error C2065: 'is_quad' : undeclared identifier
     1>c:\games\quake2\src\p_weapon.c(543): error C2065: 'is_quad' : undeclared identifier
     1>c:\games\quake2\src\p_weapon.c(704): error C2065: 'is_quad' : undeclared identifier
     1>c:\games\quake2\src\p_weapon.c(756): error C2065: 'is_quad' : undeclared identifier
     1>c:\games\quake2\src\p_weapon.c(808): error C2065: 'is_quad' : undeclared identifier
     1>c:\games\quake2\src\p_weapon.c(973): error C2065: 'is_quad' : undeclared identifier
     1>c:\games\quake2\src\p_weapon.c(1116): error C2065: 'is_quad' : undeclared identifier
     1>c:\games\quake2\src\p_weapon.c(1192): error C2065: 'is_quad' : undeclared identifier
     1>c:\games\quake2\src\p_weapon.c(1242): error C2065: 'is_quad' : undeclared identifier
     1>c:\games\quake2\src\p_weapon.c(1307): error C2065: 'is_quad' : undeclared identifier
     1>c:\games\quake2\src\p_weapon.c(1387): error C2065: 'is_quad' : undeclared identifier
         p_view.c
     1>c:\games\quake2\src\p_view.c(7): error C2143: syntax error : missing '{' before '*'
     1>c:\games\quake2\src\p_view.c(359): error C2143: syntax error : missing ';' before '>>'
     1>c:\games\quake2\src\p_view.c(370): error C2143: syntax error : missing ';' before 'type'
     1>c:\games\quake2\src\p_view.c(384): error C2065: 'i' : undeclared identifier
     1>c:\games\quake2\src\p_view.c(384): error C2065: 'i' : undeclared identifier
     1>c:\games\quake2\src\p_view.c(384): error C2065: 'i' : undeclared identifier
     1>c:\games\quake2\src\p_view.c(386): error C2065: 'i' : undeclared identifier
     1>c:\games\quake2\src\p_view.c(386): error C2065: 'i' : undeclared identifier
     1>c:\games\quake2\src\p_view.c(395): error C2065: 'i' : undeclared identifier
     1>c:\games\quake2\src\p_view.c(397): error C2065: 'i' : undeclared identifier
     1>c:\games\quake2\src\p_view.c(405): error C2065: 'i' : undeclared identifier
     1>c:\games\quake2\src\p_view.c(405): error C2065: 'i' : undeclared identifier
     1>c:\games\quake2\src\p_view.c(405): error C2065: 'i' : undeclared identifier
     1>c:\games\quake2\src\p_view.c(407): error C2065: 'i' : undeclared identifier
     1>c:\games\quake2\src\p_view.c(407): error C2065: 'i' : undeclared identifier
     1>c:\games\quake2\src\p_view.c(408): error C2065: 'i' : undeclared identifier
     1>c:\games\quake2\src\p_view.c(408): error C2065: 'i' : undeclared identifier
     1>c:\games\quake2\src\p_view.c(409): error C2065: 'i' : undeclared identifier
     1>c:\games\quake2\src\p_view.c(409): error C2065: 'i' : undeclared identifier
     1>c:\games\quake2\src\p_view.c(607): error C2223: left of '->movetype' must point to struct/union
     1>c:\games\quake2\src\p_view.c(609): error C2223: left of '->air_finished' must point to struct/union
     1>c:\games\quake2\src\p_view.c(613): error C2223: left of '->waterlevel' must point to struct/union
     1>c:\games\quake2\src\p_view.c(625): warning C4133: 'function' : incompatible types - from 'int *' to 'edict_t *'
     1>c:\games\quake2\src\p_view.c(625): error C2223: left of '->s' must point to struct/union
     1>c:\games\quake2\src\p_view.c(625): error C2198: 'PlayerNoise' : too few arguments for call
     1>c:\games\quake2\src\p_view.c(626): error C2223: left of '->watertype' must point to struct/union
     1>c:\games\quake2\src\p_view.c(627): warning C4133: 'function' : incompatible types - from 'int *' to 'edict_t *'
     1>c:\games\quake2\src\p_view.c(628): error C2223: left of '->watertype' must point to struct/union
     1>c:\games\quake2\src\p_view.c(629): warning C4133: 'function' : incompatible types - from 'int *' to 'edict_t *'
     1>c:\games\quake2\src\p_view.c(630): error C2223: left of '->watertype' must point to struct/union
     1>c:\games\quake2\src\p_view.c(631): warning C4133: 'function' : incompatible types - from 'int *' to 'edict_t *'
     1>c:\games\quake2\src\p_view.c(632): error C2223: left of '->flags' must point to struct/union
     1>c:\games\quake2\src\p_view.c(635): error C2223: left of '->damage_debounce_time' must point to struct/union
     1>c:\games\quake2\src\p_view.c(643): warning C4133: 'function' : incompatible types - from 'int *' to 'edict_t *'
     1>c:\games\quake2\src\p_view.c(643): error C2223: left of '->s' must point to struct/union
     1>c:\games\quake2\src\p_view.c(643): error C2198: 'PlayerNoise' : too few arguments for call
     1>c:\games\quake2\src\p_view.c(644): warning C4133: 'function' : incompatible types - from 'int *' to 'edict_t *'
     1>c:\games\quake2\src\p_view.c(645): error C2223: left of '->flags' must point to struct/union
     1>c:\games\quake2\src\p_view.c(653): warning C4133: 'function' : incompatible types - from 'int *' to 'edict_t *'
     1>c:\games\quake2\src\p_view.c(661): error C2223: left of '->air_finished' must point to struct/union
     1>c:\games\quake2\src\p_view.c(663): warning C4133: 'function' : incompatible types - from 'int *' to 'edict_t *'
     1>c:\games\quake2\src\p_view.c(664): warning C4133: 'function' : incompatible types - from 'int *' to 'edict_t *'
     1>c:\games\quake2\src\p_view.c(664): error C2223: left of '->s' must point to struct/union
     1>c:\games\quake2\src\p_view.c(664): error C2198: 'PlayerNoise' : too few arguments for call
     1>c:\games\quake2\src\p_view.c(666): error C2223: left of '->air_finished' must point to struct/union
     1>c:\games\quake2\src\p_view.c(668): warning C4133: 'function' : incompatible types - from 'int *' to 'edict_t *'
     1>c:\games\quake2\src\p_view.c(680): error C2223: left of '->air_finished' must point to struct/union
     1>c:\games\quake2\src\p_view.c(685): warning C4133: 'function' : incompatible types - from 'int *' to 'edict_t *'
     1>c:\games\quake2\src\p_view.c(687): warning C4133: 'function' : incompatible types - from 'int *' to 'edict_t *'
     1>c:\games\quake2\src\p_view.c(689): warning C4133: 'function' : incompatible types - from 'int *' to 'edict_t *'
     1>c:\games\quake2\src\p_view.c(689): error C2223: left of '->s' must point to struct/union
     1>c:\games\quake2\src\p_view.c(689): error C2198: 'PlayerNoise' : too few arguments for call
     1>c:\games\quake2\src\p_view.c(695): error C2223: left of '->air_finished' must point to struct/union
     1>c:\games\quake2\src\p_view.c(697): error C2223: left of '->client' must point to struct/union
     1>c:\games\quake2\src\p_view.c(698): error C2223: left of '->health' must point to struct/union
     1>c:\games\quake2\src\p_view.c(700): error C2223: left of '->client' must point to struct/union
     1>c:\games\quake2\src\p_view.c(703): error C2223: left of '->dmg' must point to struct/union
     1>c:\games\quake2\src\p_view.c(704): error C2223: left of '->dmg' must point to struct/union
     1>c:\games\quake2\src\p_view.c(705): error C2223: left of '->dmg' must point to struct/union
     1>c:\games\quake2\src\p_view.c(708): error C2223: left of '->health' must point to struct/union
     1>c:\games\quake2\src\p_view.c(708): error C2223: left of '->dmg' must point to struct/union
     1>c:\games\quake2\src\p_view.c(709): warning C4133: 'function' : incompatible types - from 'int *' to 'edict_t *'
     1>c:\games\quake2\src\p_view.c(711): warning C4133: 'function' : incompatible types - from 'int *' to 'edict_t *'
     1>c:\games\quake2\src\p_view.c(713): warning C4133: 'function' : incompatible types - from 'int *' to 'edict_t *'
     1>c:\games\quake2\src\p_view.c(715): error C2223: left of '->pain_debounce_time' must point to struct/union
     1>c:\games\quake2\src\p_view.c(717): warning C4133: 'function' : incompatible types - from 'int *' to 'edict_t *'
     1>c:\games\quake2\src\p_view.c(717): error C2223: left of '->s' must point to struct/union
     1>c:\games\quake2\src\p_view.c(717): error C2223: left of '->dmg' must point to struct/union
     1>c:\games\quake2\src\p_view.c(717): error C2198: 'T_Damage' : too few arguments for call
     1>c:\games\quake2\src\p_view.c(723): error C2223: left of '->air_finished' must point to struct/union
     1>c:\games\quake2\src\p_view.c(724): error C2223: left of '->dmg' must point to struct/union
     1>c:\games\quake2\src\p_view.c(730): error C2223: left of '->watertype' must point to struct/union
     1>c:\games\quake2\src\p_view.c(732): error C2223: left of '->watertype' must point to struct/union
     1>c:\games\quake2\src\p_view.c(734): error C2223: left of '->health' must point to struct/union
     1>c:\games\quake2\src\p_view.c(735): error C2223: left of '->pain_debounce_time' must point to struct/union
     1>c:\games\quake2\src\p_view.c(739): warning C4133: 'function' : incompatible types - from 'int *' to 'edict_t *'
     1>c:\games\quake2\src\p_view.c(741): warning C4133: 'function' : incompatible types - from 'int *' to 'edict_t *'
     1>c:\games\quake2\src\p_view.c(742): error C2223: left of '->pain_debounce_time' must point to struct/union
     1>c:\games\quake2\src\p_view.c(746): warning C4133: 'function' : incompatible types - from 'int *' to 'edict_t *'
     1>c:\games\quake2\src\p_view.c(746): error C2223: left of '->s' must point to struct/union
     1>c:\games\quake2\src\p_view.c(746): warning C4047: 'function' : 'vec_t *' differs in levels of indirection from 'int'
     1>c:\games\quake2\src\p_view.c(746): warning C4024: 'T_Damage' : different types for formal and actual parameter 6
     1>c:\games\quake2\src\p_view.c(746): error C2198: 'T_Damage' : too few arguments for call
     1>c:\games\quake2\src\p_view.c(748): warning C4133: 'function' : incompatible types - from 'int *' to 'edict_t *'
     1>c:\games\quake2\src\p_view.c(748): error C2223: left of '->s' must point to struct/union
     1>c:\games\quake2\src\p_view.c(748): warning C4047: 'function' : 'vec_t *' differs in levels of indirection from 'int'
     1>c:\games\quake2\src\p_view.c(748): warning C4024: 'T_Damage' : different types for formal and actual parameter 6
     1>c:\games\quake2\src\p_view.c(748): error C2198: 'T_Damage' : too few arguments for call
     1>c:\games\quake2\src\p_view.c(751): error C2223: left of '->watertype' must point to struct/union
     1>c:\games\quake2\src\p_view.c(755): warning C4133: 'function' : incompatible types - from 'int *' to 'edict_t *'
     1>c:\games\quake2\src\p_view.c(755): error C2223: left of '->s' must point to struct/union
     1>c:\games\quake2\src\p_view.c(755): warning C4047: 'function' : 'vec_t *' differs in levels of indirection from 'int'
     1>c:\games\quake2\src\p_view.c(755): warning C4024: 'T_Damage' : different types for formal and actual parameter 6
     1>c:\games\quake2\src\p_view.c(755): error C2198: 'T_Damage' : too few arguments for call
     1>c:\games\quake2\src\p_view.c(985): warning C4133: '=' : incompatible types - from 'edict_t *' to 'int *'
     1>c:\games\quake2\src\p_view.c(1071): warning C4013: 'SV_CalcGunOffset' undefined; assuming extern returning int
     1>c:\games\quake2\src\p_view.c(1111): warning C4013: 'CheckChasecam_Viewent' undefined; assuming extern returning int
         g_cmds.c
     1>c:\games\quake2\src\g_cmds.c(5): error C2628: 'edict_s' followed by 'char' is illegal (did you forget a ';'?)
     1>c:\games\quake2\src\g_cmds.c(13): warning C4133: 'return' : incompatible types - from 'char [512]' to 'edict_s *'
     1>c:\games\quake2\src\g_cmds.c(18): warning C4133: 'return' : incompatible types - from 'char [512]' to 'edict_s *'
     1>c:\games\quake2\src\g_cmds.c(23): warning C4133: 'return' : incompatible types - from 'char [512]' to 'edict_s *'
     1>c:\games\quake2\src\g_cmds.c(27): warning C4133: 'return' : incompatible types - from 'char *' to 'edict_s *'
     1>c:\games\quake2\src\g_cmds.c(38): warning C4133: 'function' : incompatible types - from 'edict_s *' to 'const char *'
     1>c:\games\quake2\src\g_cmds.c(39): warning C4133: 'function' : incompatible types - from 'edict_s *' to 'const char *'
     1>c:\games\quake2\src\g_cmds.c(973): warning C4013: 'Cmd_Chasecam_Toggle' undefined; assuming extern returning int
         Generating Code...
     1>Done Building Project "C:\games\quake2\src\game.vcxproj" (build target(s)) -- FAILED.

Build FAILED.

Time Elapsed 00:00:00.23
